<?xml version="1.0" encoding="UTF-8"?>
<!-- Generated by org.testng.reporters.JUnitXMLReporter -->
<testsuite hostname="DESKTOP-UHQR9T6" ignored="0" name="Test" tests="3" failures="0" timestamp="2023-07-28T11:06:41 IST" time="56.387" errors="0">
  <testcase name="login" time="11.07" classname="com.OrangeHRM.TestCase.AddEmployeeTest"/>
  <testcase name="login" time="12.21" classname="com.OrangeHRM.TestCase.AddEmployeeTest"/>
  <testcase name="login" time="11.354" classname="com.OrangeHRM.TestCase.AddEmployeeTest"/>
</testsuite> <!-- Test -->
